[    0.000000] Linux version 4.15.0-212-generic (buildd@lcy02-amd64-083) (gcc version 7.5.0 (Ubuntu 7.5.0-3ubuntu1~18.04)) #223-Ubuntu SMP Tue May 23 13:09:22 UTC 2023 (Ubuntu 4.15.0-212.223-generic 4.15.18)
[    0.000000] Command line: BOOT_IMAGE=/boot/vmlinuz-4.15.0-212-generic root=LABEL=cloudimg-rootfs ro console=tty1 console=ttyS0
[    0.000000] KERNEL supported cpus:
[    0.000000]   Intel GenuineIntel
[    0.000000]   AMD AuthenticAMD
[    0.000000]   Centaur CentaurHauls
[    0.000000] x86/fpu: x87 FPU will use FXSAVE
[    0.000000] e820: BIOS-provided physical RAM map:
[    0.000000] BIOS-e820: [mem 0x0000000000000000-0x000000000009fbff] usable
[    0.000000] BIOS-e820: [mem 0x000000000009fc00-0x000000000009ffff] reserved
[    0.000000] BIOS-e820: [mem 0x00000000000f0000-0x00000000000fffff] reserved
[    0.000000] BIOS-e820: [mem 0x0000000000100000-0x000000007ffeffff] usable
[    0.000000] BIOS-e820: [mem 0x000000007fff0000-0x000000007fffffff] ACPI data
[    0.000000] BIOS-e820: [mem 0x00000000fec00000-0x00000000fec00fff] reserved
[    0.000000] BIOS-e820: [mem 0x00000000fee00000-0x00000000fee00fff] reserved
[    0.000000] BIOS-e820: [mem 0x00000000fffc0000-0x00000000ffffffff] reserved
[    0.000000] NX (Execute Disable) protection: active
[    0.000000] SMBIOS 2.5 present.
[    0.000000] DMI: innotek GmbH VirtualBox/VirtualBox, BIOS VirtualBox 12/01/2006
[    0.000000] Hypervisor detected: KVM
[    0.000000] e820: last_pfn = 0x7fff0 max_arch_pfn = 0x400000000
[    0.000000] MTRR: Disabled
[    0.000000] x86/PAT: MTRRs disabled, skipping PAT initialization too.
[    0.000000] CPU MTRRs all blank - virtualized system.
[    0.000000] x86/PAT: Configuration [0-7]: WB  WT  UC- UC  WB  WT  UC- UC  
[    0.000000] found SMP MP-table at [mem 0x0009fff0-0x0009ffff]
[    0.000000] Scanning 1 areas for low memory corruption
[    0.000000] RAMDISK: [mem 0x359cb000-0x36cdcfff]
[    0.000000] ACPI: Early table checksum verification disabled
[    0.000000] ACPI: RSDP 0x00000000000E0000 000024 (v02 VBOX  )
[    0.000000] ACPI: XSDT 0x000000007FFF0030 00003C (v01 VBOX   VBOXXSDT 00000001 ASL  00000061)
[    0.000000] ACPI: FACP 0x000000007FFF00F0 0000F4 (v04 VBOX   VBOXFACP 00000001 ASL  00000061)
[    0.000000] ACPI: DSDT 0x000000007FFF0610 002353 (v02 VBOX   VBOXBIOS 00000002 INTL 20100528)
[    0.000000] ACPI: FACS 0x000000007FFF0200 000040
[    0.000000] ACPI: FACS 0x000000007FFF0200 000040
[    0.000000] ACPI: APIC 0x000000007FFF0240 00005C (v02 VBOX   VBOXAPIC 00000001 ASL  00000061)
[    0.000000] ACPI: SSDT 0x000000007FFF02A0 00036C (v01 VBOX   VBOXCPUT 00000002 INTL 20100528)
[    0.000000] ACPI: Reserving FACP table memory at [mem 0x7fff00f0-0x7fff01e3]
[    0.000000] ACPI: Reserving DSDT table memory at [mem 0x7fff0610-0x7fff2962]
[    0.000000] ACPI: Reserving FACS table memory at [mem 0x7fff0200-0x7fff023f]
[    0.000000] ACPI: Reserving FACS table memory at [mem 0x7fff0200-0x7fff023f]
[    0.000000] ACPI: Reserving APIC table memory at [mem 0x7fff0240-0x7fff029b]
[    0.000000] ACPI: Reserving SSDT table memory at [mem 0x7fff02a0-0x7fff060b]
[    0.000000] No NUMA configuration found
[    0.000000] Faking a node at [mem 0x0000000000000000-0x000000007ffeffff]
[    0.000000] NODE_DATA(0) allocated [mem 0x7ffc5000-0x7ffeffff]
[    0.000000] kvm-clock: cpu 0, msr 0:7ff44001, primary cpu clock
[    0.000000] kvm-clock: Using msrs 4b564d01 and 4b564d00
[    0.000000] kvm-clock: using sched offset of 8487854092 cycles
[    0.000000] clocksource: kvm-clock: mask: 0xffffffffffffffff max_cycles: 0x1cd42e4dffb, max_idle_ns: 881590591483 ns
[    0.000000] Zone ranges:
[    0.000000]   DMA      [mem 0x0000000000001000-0x0000000000ffffff]
[    0.000000]   DMA32    [mem 0x0000000001000000-0x000000007ffeffff]
[    0.000000]   Normal   empty
[    0.000000]   Device   empty
[    0.000000] Movable zone start for each node
[    0.000000] Early memory node ranges
[    0.000000]   node   0: [mem 0x0000000000001000-0x000000000009efff]
[    0.000000]   node   0: [mem 0x0000000000100000-0x000000007ffeffff]
[    0.000000] Reserved but unavailable: 104 pages
[    0.000000] Initmem setup node 0 [mem 0x0000000000001000-0x000000007ffeffff]
[    0.000000] ACPI: PM-Timer IO Port: 0x4008
[    0.000000] IOAPIC[0]: apic_id 2, version 32, address 0xfec00000, GSI 0-23
[    0.000000] ACPI: INT_SRC_OVR (bus 0 bus_irq 0 global_irq 2 dfl dfl)
[    0.000000] ACPI: INT_SRC_OVR (bus 0 bus_irq 9 global_irq 9 low level)
[    0.000000] Using ACPI (MADT) for SMP configuration information
[    0.000000] smpboot: Allowing 2 CPUs, 0 hotplug CPUs
[    0.000000] PM: Registered nosave memory: [mem 0x00000000-0x00000fff]
[    0.000000] PM: Registered nosave memory: [mem 0x0009f000-0x0009ffff]
[    0.000000] PM: Registered nosave memory: [mem 0x000a0000-0x000effff]
[    0.000000] PM: Registered nosave memory: [mem 0x000f0000-0x000fffff]
[    0.000000] e820: [mem 0x80000000-0xfebfffff] available for PCI devices
[    0.000000] Booting paravirtualized kernel on KVM
[    0.000000] clocksource: refined-jiffies: mask: 0xffffffff max_cycles: 0xffffffff, max_idle_ns: 7645519600211568 ns
[    0.000000] setup_percpu: NR_CPUS:8192 nr_cpumask_bits:2 nr_cpu_ids:2 nr_node_ids:1
[    0.000000] percpu: Embedded 50 pages/cpu s167936 r8192 d28672 u1048576
[    0.000000] PV qspinlock hash table entries: 256 (order: 0, 4096 bytes)
[    0.000000] Built 1 zonelists, mobility grouping on.  Total pages: 515961
[    0.000000] Policy zone: DMA32
[    0.000000] Kernel command line: BOOT_IMAGE=/boot/vmlinuz-4.15.0-212-generic root=LABEL=cloudimg-rootfs ro console=tty1 console=ttyS0
[    0.000000] Memory: 2014836K/2096696K available (12300K kernel code, 2477K rwdata, 4324K rodata, 2480K init, 2720K bss, 81860K reserved, 0K cma-reserved)
[    0.000000] SLUB: HWalign=64, Order=0-3, MinObjects=0, CPUs=2, Nodes=1
[    0.000000] ftrace: allocating 39508 entries in 155 pages
[    0.004000] Hierarchical RCU implementation.
[    0.004000] 	RCU restricting CPUs from NR_CPUS=8192 to nr_cpu_ids=2.
[    0.004000] 	Tasks RCU enabled.
[    0.004000] RCU: Adjusting geometry for rcu_fanout_leaf=16, nr_cpu_ids=2
[    0.004000] NR_IRQS: 524544, nr_irqs: 440, preallocated irqs: 16
[    0.004000] random: crng init done
[    0.004000] Console: colour VGA+ 80x25
[    0.004000] console [tty1] enabled
[    0.004000] console [ttyS0] enabled
[    0.004000] ACPI: Core revision 20170831
[    0.004000] ACPI: 2 ACPI AML tables successfully acquired and loaded
[    0.004000] APIC: Switch to symmetric I/O mode setup
[    0.008000] ..TIMER: vector=0x30 apic1=0 pin1=2 apic2=-1 pin2=-1
[    0.008019] tsc: Detected 1992.005 MHz processor
[    0.012028] Calibrating delay loop (skipped) preset value.. 3984.01 BogoMIPS (lpj=7968020)
[    0.016017] pid_max: default: 32768 minimum: 301
[    0.020342] Security Framework initialized
[    0.024025] Yama: becoming mindful.
[    0.032469] AppArmor: AppArmor initialized
[    0.090363] Dentry cache hash table entries: 262144 (order: 9, 2097152 bytes)
[    0.117222] Inode-cache hash table entries: 131072 (order: 8, 1048576 bytes)
[    0.124212] Mount-cache hash table entries: 4096 (order: 3, 32768 bytes)
[    0.128804] Mountpoint-cache hash table entries: 4096 (order: 3, 32768 bytes)
[    0.143670] Last level iTLB entries: 4KB 64, 2MB 8, 4MB 8
[    0.144018] Last level dTLB entries: 4KB 64, 2MB 0, 4MB 0, 1GB 4
[    0.148016] Spectre V1 : Mitigation: usercopy/swapgs barriers and __user pointer sanitization
[    0.152016] Spectre V2 : Mitigation: Retpolines
[    0.160012] Spectre V2 : Spectre v2 / SpectreRSB mitigation: Filling RSB on context switch
[    0.164012] Spectre V2 : Spectre v2 / SpectreRSB : Filling RSB on VMEXIT
[    0.168013] RETBleed: WARNING: Spectre v2 mitigation leaves CPU vulnerable to RETBleed attacks, data leaks possible!
[    0.172021] RETBleed: Vulnerable
[    0.176013] Speculative Store Bypass: Vulnerable
[    0.180259] MDS: Mitigation: Clear CPU buffers
[    0.184012] MMIO Stale Data: Mitigation: Clear CPU buffers
[    0.188015] SRBDS: Unknown: Dependent on hypervisor status
[    0.192494] Freeing SMP alternatives memory: 36K
[    0.321351] APIC calibration not consistent with PM-Timer: 102ms instead of 100ms
[    0.324000] APIC delta adjusted to PM-Timer: 6374696 (6503364)
[    0.325335] smpboot: CPU0: Intel(R) Core(TM) i7-8565U CPU @ 1.80GHz (family: 0x6, model: 0x8e, stepping: 0xb)
[    0.333787] Performance Events: unsupported p6 CPU model 142 no PMU driver, software events only.
[    0.336579] Hierarchical SRCU implementation.
[    0.342451] NMI watchdog: Perf event create on CPU 0 failed with -2
[    0.344012] NMI watchdog: Perf NMI watchdog permanently disabled
[    0.349252] smp: Bringing up secondary CPUs ...
[    0.358975] x86: Booting SMP configuration:
[    0.360010] .... node  #0, CPUs:      #1
[    0.004000] kvm-clock: cpu 1, msr 0:7ff44041, secondary cpu clock
[    0.396000] TSC synchronization [CPU#0 -> CPU#1]:
[    0.396000] Measured 115909 cycles TSC warp between CPUs, turning off TSC clock.
[    0.396000] tsc: Marking TSC unstable due to check_tsc_sync_source failed
[    0.404024] smp: Brought up 1 node, 2 CPUs
[    0.408030] smpboot: Max logical packages: 1
[    0.416020] smpboot: Total of 2 processors activated (7968.02 BogoMIPS)
[    0.430327] devtmpfs: initialized
[    0.432473] x86/mm: Memory block size: 128MB
[    0.440109] evm: security.selinux
[    0.444012] evm: security.SMACK64
[    0.448010] evm: security.SMACK64EXEC
[    0.452011] evm: security.SMACK64TRANSMUTE
[    0.456012] evm: security.SMACK64MMAP
[    0.460011] evm: security.apparmor
[    0.464010] evm: security.ima
[    0.468014] evm: security.capability
[    0.478250] clocksource: jiffies: mask: 0xffffffff max_cycles: 0xffffffff, max_idle_ns: 7645041785100000 ns
[    0.536043] futex hash table entries: 512 (order: 3, 32768 bytes)
[    0.569183] pinctrl core: initialized pinctrl subsystem
[    0.593607] RTC time: 14:28:25, date: 06/22/24
[    0.623109] NET: Registered protocol family 16
[    0.644740] audit: initializing netlink subsys (disabled)
[    0.673419] audit: type=2000 audit(1719066513.793:1): state=initialized audit_enabled=0 res=1
[    0.676026] cpuidle: using governor ladder
[    0.692046] cpuidle: using governor menu
[    0.712162] ACPI: bus type PCI registered
[    0.732021] acpiphp: ACPI Hot Plug PCI Controller Driver version: 0.5
[    0.764690] PCI: Using configuration type 1 for base access
[    0.801166] HugeTLB registered 2.00 MiB page size, pre-allocated 0 pages
[    0.840799] ACPI: Added _OSI(Module Device)
[    0.844018] ACPI: Added _OSI(Processor Device)
[    0.848014] ACPI: Added _OSI(3.0 _SCP Extensions)
[    0.856018] ACPI: Added _OSI(Processor Aggregator Device)
[    0.860029] ACPI: Added _OSI(Linux-Dell-Video)
[    0.864020] ACPI: Added _OSI(Linux-Lenovo-NV-HDMI-Audio)
[    0.868020] ACPI: Added _OSI(Linux-HPI-Hybrid-Graphics)
[    0.877989] ACPI: Executed 1 blocks of module-level executable AML code
[    0.894418] ACPI: Interpreter enabled
[    0.896136] ACPI: (supports S0 S5)
[    0.900013] ACPI: Using IOAPIC for interrupt routing
[    0.905403] PCI: Using host bridge windows from ACPI; if necessary, use "pci=nocrs" and report a bug
[    0.909100] ACPI: Enabled 2 GPEs in block 00 to 07
[    0.945876] ACPI: PCI Root Bridge [PCI0] (domain 0000 [bus 00-ff])
[    0.948044] acpi PNP0A03:00: _OSC: OS supports [ASPM ClockPM Segments MSI]
[    0.957575] acpi PNP0A03:00: _OSC: not requesting OS control; OS requires [ExtendedConfig ASPM ClockPM MSI]
[    0.960057] acpi PNP0A03:00: fail to add MMCONFIG information, can't access extended PCI configuration space under this bridge.
[    0.966690] PCI host bridge to bus 0000:00
[    0.968027] pci_bus 0000:00: root bus resource [io  0x0000-0x0cf7 window]
[    0.972020] pci_bus 0000:00: root bus resource [io  0x0d00-0xffff window]
[    0.976019] pci_bus 0000:00: root bus resource [mem 0x000a0000-0x000bffff window]
[    0.980017] pci_bus 0000:00: root bus resource [mem 0x80000000-0xfdffffff window]
[    0.984021] pci_bus 0000:00: root bus resource [bus 00-ff]
[    1.017905] pci 0000:00:01.1: legacy IDE quirk: reg 0x10: [io  0x01f0-0x01f7]
[    1.020016] pci 0000:00:01.1: legacy IDE quirk: reg 0x14: [io  0x03f6]
[    1.024028] pci 0000:00:01.1: legacy IDE quirk: reg 0x18: [io  0x0170-0x0177]
[    1.028019] pci 0000:00:01.1: legacy IDE quirk: reg 0x1c: [io  0x0376]
[    1.102562] pci 0000:00:07.0: quirk: [io  0x4000-0x403f] claimed by PIIX4 ACPI
[    1.104132] pci 0000:00:07.0: quirk: [io  0x4100-0x410f] claimed by PIIX4 SMB
[    1.142557] ACPI: PCI Interrupt Link [LNKA] (IRQs 5 9 10 *11)
[    1.149684] ACPI: PCI Interrupt Link [LNKB] (IRQs 5 9 *10 11)
[    1.152860] ACPI: PCI Interrupt Link [LNKC] (IRQs 5 *9 10 11)
[    1.156883] ACPI: PCI Interrupt Link [LNKD] (IRQs 5 9 10 *11)
[    1.162551] SCSI subsystem initialized
[    1.172196] pci 0000:00:02.0: vgaarb: setting as boot VGA device
[    1.176000] pci 0000:00:02.0: vgaarb: VGA device added: decodes=io+mem,owns=io+mem,locks=none
[    1.176025] pci 0000:00:02.0: vgaarb: bridge control possible
[    1.180017] vgaarb: loaded
[    1.184202] ACPI: bus type USB registered
[    1.188200] usbcore: registered new interface driver usbfs
[    1.192260] usbcore: registered new interface driver hub
[    1.196076] usbcore: registered new device driver usb
[    1.204666] EDAC MC: Ver: 3.0.0
[    1.220504] PCI: Using ACPI for IRQ routing
[    1.231426] NetLabel: Initializing
[    1.232012] NetLabel:  domain hash size = 128
[    1.236015] NetLabel:  protocols = UNLABELED CIPSOv4 CALIPSO
[    1.240579] NetLabel:  unlabeled traffic allowed by default
[    1.248898] clocksource: Switched to clocksource kvm-clock
[    1.433934] VFS: Disk quotas dquot_6.6.0
[    1.474046] VFS: Dquot-cache hash table entries: 512 (order 0, 4096 bytes)
[    1.503957] AppArmor: AppArmor Filesystem Enabled
[    1.522672] pnp: PnP ACPI init
[    1.540377] pnp: PnP ACPI: found 3 devices
[    1.700053] clocksource: acpi_pm: mask: 0xffffff max_cycles: 0xffffff, max_idle_ns: 2085701024 ns
[    1.733457] NET: Registered protocol family 2
[    1.737022] IP idents hash table entries: 32768 (order: 6, 262144 bytes)
[    1.776647] TCP established hash table entries: 16384 (order: 5, 131072 bytes)
[    1.803334] TCP bind hash table entries: 16384 (order: 6, 262144 bytes)
[    1.805033] TCP: Hash tables configured (established 16384 bind 16384)
[    1.805033] UDP hash table entries: 1024 (order: 3, 32768 bytes)
[    1.805033] UDP-Lite hash table entries: 1024 (order: 3, 32768 bytes)
[    1.805033] NET: Registered protocol family 1
[    1.805033] pci 0000:00:00.0: Limiting direct PCI/PCI transfers
[    1.805033] pci 0000:00:01.0: Activating ISA DMA hang workarounds
[    1.805033] pci 0000:00:02.0: Video device with shadowed ROM at [mem 0x000c0000-0x000dffff]
[    1.805033] Unpacking initramfs...
[    2.440245] Freeing initrd memory: 19528K
[    4.449804] clocksource: tsc: mask: 0xffffffffffffffff max_cycles: 0x396d5b41a85, max_idle_ns: 881590480540 ns
[    4.511238] platform rtc_cmos: registered platform RTC device (no PNP device found)
[    4.554755] Scanning for low memory corruption every 60 seconds
[    4.589127] Initialise system trusted keyrings
[    4.612043] Key type blacklist registered
[    4.641473] workingset: timestamp_bits=36 max_order=19 bucket_order=0
[    4.691072] zbud: loaded
[    4.712657] squashfs: version 4.0 (2009/01/31) Phillip Lougher
[    4.745362] fuse init (API version 7.26)
[    4.946415] Key type asymmetric registered
[    4.968224] Asymmetric key parser 'x509' registered
[    4.998832] Block layer SCSI generic (bsg) driver version 0.4 loaded (major 246)
[    5.040936] io scheduler noop registered
[    5.063568] io scheduler deadline registered
[    5.089923] io scheduler cfq registered (default)
[    5.120569] ACPI: AC Adapter [AC] (on-line)
[    5.140412] input: Power Button as /devices/LNXSYSTM:00/LNXPWRBN:00/input/input0
[    5.174731] ACPI: Power Button [PWRF]
[    5.193920] input: Sleep Button as /devices/LNXSYSTM:00/LNXSLPBN:00/input/input1
[    5.223898] ACPI: Sleep Button [SLPF]
[    5.250984] ACPI: Battery Slot [BAT0] (battery present)
[    5.277876] Serial: 8250/16550 driver, 32 ports, IRQ sharing enabled
[    5.350735] 00:02: ttyS0 at I/O 0x3f8 (irq = 4, base_baud = 115200) is a 16550A
[    5.458676] Linux agpgart interface v0.103
[    5.518508] loop: module loaded
[    5.543684] scsi host0: ata_piix
[    5.563564] scsi host1: ata_piix
[    5.576308] ata1: PATA max UDMA/33 cmd 0x1f0 ctl 0x3f6 bmdma 0xd000 irq 14
[    5.580045] ata2: PATA max UDMA/33 cmd 0x170 ctl 0x376 bmdma 0xd008 irq 15
[    5.630134] tun: Universal TUN/TAP device driver, 1.6
[    5.653168] PPP generic driver version 2.4.2
[    5.669876] ehci_hcd: USB 2.0 'Enhanced' Host Controller (EHCI) Driver
[    5.693818] ehci-pci: EHCI PCI platform driver
[    5.710118] ehci-platform: EHCI generic platform driver
[    5.728895] ohci_hcd: USB 1.1 'Open' Host Controller (OHCI) Driver
[    5.752873] ohci-pci: OHCI PCI platform driver
[    5.768914] ohci-platform: OHCI generic platform driver
[    5.790603] uhci_hcd: USB Universal Host Controller Interface driver
[    5.815058] i8042: PNP: PS/2 Controller [PNP0303:PS2K,PNP0f03:PS2M] at 0x60,0x64 irq 1,12
[    5.857133] serio: i8042 KBD port at 0x60,0x64 irq 1
[    5.878600] serio: i8042 AUX port at 0x60,0x64 irq 12
[    5.970670] mousedev: PS/2 mouse device common for all mice
[    6.001916] input: AT Translated Set 2 keyboard as /devices/platform/i8042/serio0/input/input2
[    6.038169] rtc_cmos rtc_cmos: rtc core: registered rtc_cmos as rtc0
[    6.063448] rtc_cmos rtc_cmos: alarms up to one day, 114 bytes nvram
[    6.088237] i2c /dev entries driver
[    6.100872] device-mapper: uevent: version 1.0.3
[    6.118482] device-mapper: ioctl: 4.37.0-ioctl (2017-09-20) initialised: dm-devel@redhat.com
[    6.146453] ledtrig-cpu: registered to indicate activity on CPUs
[    6.179852] NET: Registered protocol family 10
[    6.241917] Segment Routing with IPv6
[    6.258595] NET: Registered protocol family 17
[    6.278707] Key type dns_resolver registered
[    6.299710] mce: Using 0 MCE banks
[    6.315321] RAS: Correctable Errors collector initialized.
[    6.339764] sched_clock: Marking stable (6339575460, 0)->(11137565397, -4797989937)
[    6.388582] registered taskstats version 1
[    6.406699] Loading compiled-in X.509 certificates
[    6.450530] Loaded X.509 cert 'Build time autogenerated kernel key: b5b26778eaa3ab3a4a6cee031137706e947d12ad'
[    6.495963] Loaded X.509 cert 'Canonical Ltd. Live Patch Signing: 14df34d1a87cf37625abec039ef2bf521249b969'
[    6.539737] Loaded X.509 cert 'Canonical Ltd. Kernel Module Signing: 88f752e560a1e0737e31163a466ad7b70a850c19'
[    6.581549] blacklist: Loading compiled-in revocation X.509 certificates
[    6.605404] Loaded X.509 cert 'Canonical Ltd. Secure Boot Signing: 61482aa2830d0ab2ad5af10b7250da9033ddcef0'
[    6.645546] Loaded X.509 cert 'Canonical Ltd. Secure Boot Signing (2017): 242ade75ac4a15e50d50c84b0d45ff3eae707a03'
[    6.688937] Loaded X.509 cert 'Canonical Ltd. Secure Boot Signing (ESM 2018): 365188c1d374d6b07c3c8f240f8ef722433d6a8b'
[    6.735514] Loaded X.509 cert 'Canonical Ltd. Secure Boot Signing (2019): c0746fd6c5da3ae827864651ad66ae47fe24b3e8'
[    6.777850] Loaded X.509 cert 'Canonical Ltd. Secure Boot Signing (2021 v1): a8d54bbb3825cfb94fa13c9f8a594a195c107b8d'
[    6.826018] Loaded X.509 cert 'Canonical Ltd. Secure Boot Signing (2021 v2): 4cf046892d6fd3c9a5b03f98d845f90851dc6a8c'
[    6.876198] Loaded X.509 cert 'Canonical Ltd. Secure Boot Signing (2021 v3): 100437bb6de6e469b581e61cd66bce3ef4ed53af'
[    6.928012] Loaded X.509 cert 'Canonical Ltd. Secure Boot Signing (Ubuntu Core 2019): c1d57b8f6b743f23ee41f4f7ee292f06eecadfb9'
[    6.975743] zswap: loaded using pool lzo/zbud
[    7.045681] Key type big_key registered
[    7.062210] Key type trusted registered
[    7.098141] Key type encrypted registered
[    7.115478] AppArmor: AppArmor sha1 policy hashing enabled
[    7.137278] ima: No TPM chip found, activating TPM-bypass! (rc=-19)
[    7.161798] ima: Allocated hash algorithm: sha1
[    7.183524] evm: HMAC attrs: 0x1
[    7.200670]   Magic number: 12:65:486
[    7.218157] rtc_cmos rtc_cmos: setting system clock to 2024-06-22 14:28:33 UTC (1719066513)
[    7.256910] BIOS EDD facility v0.16 2004-Jun-25, 0 devices found
[    7.282918] EDD information not available.
[    7.323180] Freeing unused kernel image memory: 2480K
[    7.365454] Write protecting the kernel read-only data: 20480k
[    7.398302] Freeing unused kernel image memory: 2008K
[    7.426008] Freeing unused kernel image memory: 1820K
[    7.486347] x86/mm: Checked W+X mappings: passed, no W+X pages found.
Loading, please wait...
starting version 237
[    8.067259] e1000: Intel(R) PRO/1000 Network Driver - version 7.3.21-k8-NAPI
[    8.113859] e1000: Copyright (c) 1999-2006 Intel Corporation.
[    8.348116] Fusion MPT base driver 3.04.20
[    8.377592] Copyright (c) 1999-2008 LSI Corporation
[    8.527435] Fusion MPT SPI Host driver 3.04.20
[    8.587084] SSE version of gcm_enc/dec engaged.
[    8.888760] input: ImExPS/2 Generic Explorer Mouse as /devices/platform/i8042/serio1/input/input4
[   11.707001] e1000 0000:00:03.0 eth0: (PCI:33MHz:32-bit) 02:3b:7b:b7:3b:2d
[   11.739569] e1000 0000:00:03.0 eth0: Intel(R) PRO/1000 Network Connection
[   14.157463] e1000 0000:00:08.0 eth1: (PCI:33MHz:32-bit) 08:00:27:26:e7:9a
[   14.178887] e1000 0000:00:08.0 eth1: Intel(R) PRO/1000 Network Connection
[   14.217027] e1000 0000:00:03.0 enp0s3: renamed from eth0
[   14.224784] mptbase: ioc0: Initiating bringup
[   14.257392] e1000 0000:00:08.0 enp0s8: renamed from eth1
